CRITICAL - 2023-10-24 19:13:15 --> Undefined array key "image"
in APPPATH\Controllers\MainController.php on line 176.
 1 APPPATH\Controllers\MainController.php(176): CodeIgniter\Debug\Exceptions->errorHandler(2, 'Undefined array key "image"', 'C:\\laragon\\www\\Ecommerce\\app\\Controllers\\MainController.php', 176)
 2 SYSTEMPATH\CodeIgniter.php(919): App\Controllers\MainController->update_product('3')
 3 SYSTEMPATH\CodeIgniter.php(494): CodeIgniter\CodeIgniter->runController(Object(App\Controllers\MainController))
 4 SYSTEMPATH\CodeIgniter.php(353): CodeIgniter\CodeIgniter->handleRequest(null, Object(Config\Cache), false)
 5 FCPATH\index.php(79): CodeIgniter\CodeIgniter->run()
 6 SYSTEMPATH\Commands\Server\rewrite.php(47): require_once('C:\\laragon\\www\\Ecommerce\\public\\index.php')
CRITICAL - 2023-10-24 19:13:57 --> Path cannot be empty
in APPPATH\Controllers\MainController.php on line 173.
 1 APPPATH\Controllers\MainController.php(173): file_get_contents('')
 2 SYSTEMPATH\CodeIgniter.php(919): App\Controllers\MainController->update_product('3')
 3 SYSTEMPATH\CodeIgniter.php(494): CodeIgniter\CodeIgniter->runController(Object(App\Controllers\MainController))
 4 SYSTEMPATH\CodeIgniter.php(353): CodeIgniter\CodeIgniter->handleRequest(null, Object(Config\Cache), false)
 5 FCPATH\index.php(79): CodeIgniter\CodeIgniter->run()
 6 SYSTEMPATH\Commands\Server\rewrite.php(47): require_once('C:\\laragon\\www\\Ecommerce\\public\\index.php')
CRITICAL - 2023-10-24 19:14:41 --> Path cannot be empty
in APPPATH\Controllers\MainController.php on line 173.
 1 APPPATH\Controllers\MainController.php(173): file_get_contents('')
 2 SYSTEMPATH\CodeIgniter.php(919): App\Controllers\MainController->update_product('3')
 3 SYSTEMPATH\CodeIgniter.php(494): CodeIgniter\CodeIgniter->runController(Object(App\Controllers\MainController))
 4 SYSTEMPATH\CodeIgniter.php(353): CodeIgniter\CodeIgniter->handleRequest(null, Object(Config\Cache), false)
 5 FCPATH\index.php(79): CodeIgniter\CodeIgniter->run()
 6 SYSTEMPATH\Commands\Server\rewrite.php(47): require_once('C:\\laragon\\www\\Ecommerce\\public\\index.php')
CRITICAL - 2023-10-24 19:38:53 --> Path cannot be empty
in APPPATH\Controllers\MainController.php on line 173.
 1 APPPATH\Controllers\MainController.php(173): file_get_contents('')
 2 SYSTEMPATH\CodeIgniter.php(919): App\Controllers\MainController->update_product('3')
 3 SYSTEMPATH\CodeIgniter.php(494): CodeIgniter\CodeIgniter->runController(Object(App\Controllers\MainController))
 4 SYSTEMPATH\CodeIgniter.php(353): CodeIgniter\CodeIgniter->handleRequest(null, Object(Config\Cache), false)
 5 FCPATH\index.php(79): CodeIgniter\CodeIgniter->run()
 6 SYSTEMPATH\Commands\Server\rewrite.php(47): require_once('C:\\laragon\\www\\Ecommerce\\public\\index.php')
CRITICAL - 2023-10-24 19:50:17 --> Undefined variable $isset
in APPPATH\Controllers\MainController.php on line 172.
 1 APPPATH\Controllers\MainController.php(172): CodeIgniter\Debug\Exceptions->errorHandler(2, 'Undefined variable $isset', 'C:\\laragon\\www\\Ecommerce\\app\\Controllers\\MainController.php', 172)
 2 SYSTEMPATH\CodeIgniter.php(919): App\Controllers\MainController->update_product('3')
 3 SYSTEMPATH\CodeIgniter.php(494): CodeIgniter\CodeIgniter->runController(Object(App\Controllers\MainController))
 4 SYSTEMPATH\CodeIgniter.php(353): CodeIgniter\CodeIgniter->handleRequest(null, Object(Config\Cache), false)
 5 FCPATH\index.php(79): CodeIgniter\CodeIgniter->run()
 6 SYSTEMPATH\Commands\Server\rewrite.php(47): require_once('C:\\laragon\\www\\Ecommerce\\public\\index.php')
CRITICAL - 2023-10-24 19:50:26 --> Path cannot be empty
in APPPATH\Controllers\MainController.php on line 173.
 1 APPPATH\Controllers\MainController.php(173): file_get_contents('')
 2 SYSTEMPATH\CodeIgniter.php(919): App\Controllers\MainController->update_product('3')
 3 SYSTEMPATH\CodeIgniter.php(494): CodeIgniter\CodeIgniter->runController(Object(App\Controllers\MainController))
 4 SYSTEMPATH\CodeIgniter.php(353): CodeIgniter\CodeIgniter->handleRequest(null, Object(Config\Cache), false)
 5 FCPATH\index.php(79): CodeIgniter\CodeIgniter->run()
 6 SYSTEMPATH\Commands\Server\rewrite.php(47): require_once('C:\\laragon\\www\\Ecommerce\\public\\index.php')
CRITICAL - 2023-10-24 19:52:33 --> Path cannot be empty
in APPPATH\Controllers\MainController.php on line 173.
 1 APPPATH\Controllers\MainController.php(173): file_get_contents('')
 2 SYSTEMPATH\CodeIgniter.php(919): App\Controllers\MainController->update_product('3')
 3 SYSTEMPATH\CodeIgniter.php(494): CodeIgniter\CodeIgniter->runController(Object(App\Controllers\MainController))
 4 SYSTEMPATH\CodeIgniter.php(353): CodeIgniter\CodeIgniter->handleRequest(null, Object(Config\Cache), false)
 5 FCPATH\index.php(79): CodeIgniter\CodeIgniter->run()
 6 SYSTEMPATH\Commands\Server\rewrite.php(47): require_once('C:\\laragon\\www\\Ecommerce\\public\\index.php')
