CRITICAL - 2023-10-26 06:02:57 --> Undefined variable $new
in APPPATH\Views\inc\products.php on line 35.
 1 APPPATH\Views\inc\products.php(35): CodeIgniter\Debug\Exceptions->errorHandler(2, 'Undefined variable $new', 'C:\\laragon\\www\\Ecommerce\\app\\Views\\inc\\products.php', 35)
 2 SYSTEMPATH\View\View.php(226): include('C:\\laragon\\www\\Ecommerce\\app\\Views\\inc\\products.php')
 3 SYSTEMPATH\View\View.php(229): CodeIgniter\View\View->CodeIgniter\View\{closure}()
 4 SYSTEMPATH\View\View.php(467): CodeIgniter\View\View->render('inc/products', null, true)
 5 APPPATH\Views\index.php(10): CodeIgniter\View\View->include('inc/products')
 6 SYSTEMPATH\View\View.php(226): include('C:\\laragon\\www\\Ecommerce\\app\\Views\\index.php')
 7 SYSTEMPATH\View\View.php(229): CodeIgniter\View\View->CodeIgniter\View\{closure}()
 8 SYSTEMPATH\Common.php(1188): CodeIgniter\View\View->render('index', [], true)
 9 APPPATH\Controllers\MainController.php(22): view('index', [...])
10 SYSTEMPATH\CodeIgniter.php(919): App\Controllers\MainController->index()
11 SYSTEMPATH\CodeIgniter.php(494): CodeIgniter\CodeIgniter->runController(Object(App\Controllers\MainController))
12 SYSTEMPATH\CodeIgniter.php(353): CodeIgniter\CodeIgniter->handleRequest(null, Object(Config\Cache), false)
13 FCPATH\index.php(79): CodeIgniter\CodeIgniter->run()
14 SYSTEMPATH\Commands\Server\rewrite.php(47): require_once('C:\\laragon\\www\\Ecommerce\\public\\index.php')
CRITICAL - 2023-10-26 06:07:39 --> Undefined variable $new
in APPPATH\Views\inc\products.php on line 54.
 1 APPPATH\Views\inc\products.php(54): CodeIgniter\Debug\Exceptions->errorHandler(2, 'Undefined variable $new', 'C:\\laragon\\www\\Ecommerce\\app\\Views\\inc\\products.php', 54)
 2 SYSTEMPATH\View\View.php(226): include('C:\\laragon\\www\\Ecommerce\\app\\Views\\inc\\products.php')
 3 SYSTEMPATH\View\View.php(229): CodeIgniter\View\View->CodeIgniter\View\{closure}()
 4 SYSTEMPATH\View\View.php(467): CodeIgniter\View\View->render('inc/products', null, true)
 5 APPPATH\Views\index.php(10): CodeIgniter\View\View->include('inc/products')
 6 SYSTEMPATH\View\View.php(226): include('C:\\laragon\\www\\Ecommerce\\app\\Views\\index.php')
 7 SYSTEMPATH\View\View.php(229): CodeIgniter\View\View->CodeIgniter\View\{closure}()
 8 SYSTEMPATH\Common.php(1188): CodeIgniter\View\View->render('index', [], true)
 9 APPPATH\Controllers\MainController.php(22): view('index', [...])
10 SYSTEMPATH\CodeIgniter.php(919): App\Controllers\MainController->index()
11 SYSTEMPATH\CodeIgniter.php(494): CodeIgniter\CodeIgniter->runController(Object(App\Controllers\MainController))
12 SYSTEMPATH\CodeIgniter.php(353): CodeIgniter\CodeIgniter->handleRequest(null, Object(Config\Cache), false)
13 FCPATH\index.php(79): CodeIgniter\CodeIgniter->run()
14 SYSTEMPATH\Commands\Server\rewrite.php(47): require_once('C:\\laragon\\www\\Ecommerce\\public\\index.php')
CRITICAL - 2023-10-26 06:19:20 --> There is no data to update.
in SYSTEMPATH\BaseModel.php on line 1724.
 1 SYSTEMPATH\BaseModel.php(1724): CodeIgniter\Database\Exceptions\DataException::forEmptyDataset('update')
 2 SYSTEMPATH\BaseModel.php(916): CodeIgniter\BaseModel->transformDataToArray(null, 'update')
 3 SYSTEMPATH\Model.php(776): CodeIgniter\BaseModel->update([...], null)
 4 APPPATH\Controllers\MainController.php(176): CodeIgniter\Model->update('8')
 5 SYSTEMPATH\CodeIgniter.php(919): App\Controllers\MainController->update_product('8')
 6 SYSTEMPATH\CodeIgniter.php(494): CodeIgniter\CodeIgniter->runController(Object(App\Controllers\MainController))
 7 SYSTEMPATH\CodeIgniter.php(353): CodeIgniter\CodeIgniter->handleRequest(null, Object(Config\Cache), false)
 8 FCPATH\index.php(79): CodeIgniter\CodeIgniter->run()
 9 SYSTEMPATH\Commands\Server\rewrite.php(47): require_once('C:\\laragon\\www\\Ecommerce\\public\\index.php')
CRITICAL - 2023-10-26 06:19:44 --> There is no data to update.
in SYSTEMPATH\BaseModel.php on line 1724.
 1 SYSTEMPATH\BaseModel.php(1724): CodeIgniter\Database\Exceptions\DataException::forEmptyDataset('update')
 2 SYSTEMPATH\BaseModel.php(916): CodeIgniter\BaseModel->transformDataToArray(null, 'update')
 3 SYSTEMPATH\Model.php(776): CodeIgniter\BaseModel->update([...], null)
 4 APPPATH\Controllers\MainController.php(176): CodeIgniter\Model->update('8')
 5 SYSTEMPATH\CodeIgniter.php(919): App\Controllers\MainController->update_product('8')
 6 SYSTEMPATH\CodeIgniter.php(494): CodeIgniter\CodeIgniter->runController(Object(App\Controllers\MainController))
 7 SYSTEMPATH\CodeIgniter.php(353): CodeIgniter\CodeIgniter->handleRequest(null, Object(Config\Cache), false)
 8 FCPATH\index.php(79): CodeIgniter\CodeIgniter->run()
 9 SYSTEMPATH\Commands\Server\rewrite.php(47): require_once('C:\\laragon\\www\\Ecommerce\\public\\index.php')
CRITICAL - 2023-10-26 06:20:43 --> Path cannot be empty
in APPPATH\Controllers\MainController.php on line 173.
 1 APPPATH\Controllers\MainController.php(173): file_get_contents('')
 2 SYSTEMPATH\CodeIgniter.php(919): App\Controllers\MainController->update_product('12')
 3 SYSTEMPATH\CodeIgniter.php(494): CodeIgniter\CodeIgniter->runController(Object(App\Controllers\MainController))
 4 SYSTEMPATH\CodeIgniter.php(353): CodeIgniter\CodeIgniter->handleRequest(null, Object(Config\Cache), false)
 5 FCPATH\index.php(79): CodeIgniter\CodeIgniter->run()
 6 SYSTEMPATH\Commands\Server\rewrite.php(47): require_once('C:\\laragon\\www\\Ecommerce\\public\\index.php')
CRITICAL - 2023-10-26 06:21:44 --> Path cannot be empty
in APPPATH\Controllers\MainController.php on line 173.
 1 APPPATH\Controllers\MainController.php(173): file_get_contents('')
 2 SYSTEMPATH\CodeIgniter.php(919): App\Controllers\MainController->update_product('3')
 3 SYSTEMPATH\CodeIgniter.php(494): CodeIgniter\CodeIgniter->runController(Object(App\Controllers\MainController))
 4 SYSTEMPATH\CodeIgniter.php(353): CodeIgniter\CodeIgniter->handleRequest(null, Object(Config\Cache), false)
 5 FCPATH\index.php(79): CodeIgniter\CodeIgniter->run()
 6 SYSTEMPATH\Commands\Server\rewrite.php(47): require_once('C:\\laragon\\www\\Ecommerce\\public\\index.php')
CRITICAL - 2023-10-26 06:23:06 --> Path cannot be empty
in APPPATH\Controllers\MainController.php on line 174.
 1 APPPATH\Controllers\MainController.php(174): file_get_contents('')
 2 SYSTEMPATH\CodeIgniter.php(919): App\Controllers\MainController->update_product('8')
 3 SYSTEMPATH\CodeIgniter.php(494): CodeIgniter\CodeIgniter->runController(Object(App\Controllers\MainController))
 4 SYSTEMPATH\CodeIgniter.php(353): CodeIgniter\CodeIgniter->handleRequest(null, Object(Config\Cache), false)
 5 FCPATH\index.php(79): CodeIgniter\CodeIgniter->run()
 6 SYSTEMPATH\Commands\Server\rewrite.php(47): require_once('C:\\laragon\\www\\Ecommerce\\public\\index.php')
CRITICAL - 2023-10-26 06:23:49 --> Call to undefined function App\Controllers\isEmpty()
in APPPATH\Controllers\MainController.php on line 173.
 1 SYSTEMPATH\CodeIgniter.php(919): App\Controllers\MainController->update_product('8')
 2 SYSTEMPATH\CodeIgniter.php(494): CodeIgniter\CodeIgniter->runController(Object(App\Controllers\MainController))
 3 SYSTEMPATH\CodeIgniter.php(353): CodeIgniter\CodeIgniter->handleRequest(null, Object(Config\Cache), false)
 4 FCPATH\index.php(79): CodeIgniter\CodeIgniter->run()
 5 SYSTEMPATH\Commands\Server\rewrite.php(47): require_once('C:\\laragon\\www\\Ecommerce\\public\\index.php')
CRITICAL - 2023-10-26 06:25:29 --> Undefined constant "App\Controllers\request"
in APPPATH\Controllers\MainController.php on line 173.
 1 SYSTEMPATH\CodeIgniter.php(919): App\Controllers\MainController->update_product('8')
 2 SYSTEMPATH\CodeIgniter.php(494): CodeIgniter\CodeIgniter->runController(Object(App\Controllers\MainController))
 3 SYSTEMPATH\CodeIgniter.php(353): CodeIgniter\CodeIgniter->handleRequest(null, Object(Config\Cache), false)
 4 FCPATH\index.php(79): CodeIgniter\CodeIgniter->run()
 5 SYSTEMPATH\Commands\Server\rewrite.php(47): require_once('C:\\laragon\\www\\Ecommerce\\public\\index.php')
CRITICAL - 2023-10-26 06:26:58 --> Call to undefined method CodeIgniter\HTTP\IncomingRequest::hasFile()
in APPPATH\Controllers\MainController.php on line 173.
 1 SYSTEMPATH\CodeIgniter.php(919): App\Controllers\MainController->update_product('8')
 2 SYSTEMPATH\CodeIgniter.php(494): CodeIgniter\CodeIgniter->runController(Object(App\Controllers\MainController))
 3 SYSTEMPATH\CodeIgniter.php(353): CodeIgniter\CodeIgniter->handleRequest(null, Object(Config\Cache), false)
 4 FCPATH\index.php(79): CodeIgniter\CodeIgniter->run()
 5 SYSTEMPATH\Commands\Server\rewrite.php(47): require_once('C:\\laragon\\www\\Ecommerce\\public\\index.php')
CRITICAL - 2023-10-26 06:27:47 --> syntax error, unexpected identifier "print_r", expecting "function" or "const"
in APPPATH\Controllers\MainController.php on line 178.
 1 SYSTEMPATH\Autoloader\Autoloader.php(285): CodeIgniter\Autoloader\Autoloader->includeFile('C:\\laragon\\www\\Ecommerce\\app\\Controllers\\MainController.php')
 2 SYSTEMPATH\Autoloader\Autoloader.php(263): CodeIgniter\Autoloader\Autoloader->loadInNamespace('App\\Controllers\\MainController')
 3 [internal function]: CodeIgniter\Autoloader\Autoloader->loadClass('App\\Controllers\\MainController')
 4 SYSTEMPATH\CodeIgniter.php(877): class_exists('\\App\\Controllers\\MainController', true)
 5 SYSTEMPATH\CodeIgniter.php(481): CodeIgniter\CodeIgniter->startController()
 6 SYSTEMPATH\CodeIgniter.php(353): CodeIgniter\CodeIgniter->handleRequest(null, Object(Config\Cache), false)
 7 FCPATH\index.php(79): CodeIgniter\CodeIgniter->run()
 8 SYSTEMPATH\Commands\Server\rewrite.php(47): require_once('C:\\laragon\\www\\Ecommerce\\public\\index.php')
CRITICAL - 2023-10-26 06:27:59 --> syntax error, unexpected identifier "print_r", expecting "function" or "const"
in APPPATH\Controllers\MainController.php on line 178.
 1 SYSTEMPATH\Autoloader\Autoloader.php(285): CodeIgniter\Autoloader\Autoloader->includeFile('C:\\laragon\\www\\Ecommerce\\app\\Controllers\\MainController.php')
 2 SYSTEMPATH\Autoloader\Autoloader.php(263): CodeIgniter\Autoloader\Autoloader->loadInNamespace('App\\Controllers\\MainController')
 3 [internal function]: CodeIgniter\Autoloader\Autoloader->loadClass('App\\Controllers\\MainController')
 4 SYSTEMPATH\CodeIgniter.php(877): class_exists('\\App\\Controllers\\MainController', true)
 5 SYSTEMPATH\CodeIgniter.php(481): CodeIgniter\CodeIgniter->startController()
 6 SYSTEMPATH\CodeIgniter.php(353): CodeIgniter\CodeIgniter->handleRequest(null, Object(Config\Cache), false)
 7 FCPATH\index.php(79): CodeIgniter\CodeIgniter->run()
 8 SYSTEMPATH\Commands\Server\rewrite.php(47): require_once('C:\\laragon\\www\\Ecommerce\\public\\index.php')
CRITICAL - 2023-10-26 06:28:03 --> syntax error, unexpected identifier "print_r", expecting "function" or "const"
in APPPATH\Controllers\MainController.php on line 178.
 1 SYSTEMPATH\Autoloader\Autoloader.php(285): CodeIgniter\Autoloader\Autoloader->includeFile('C:\\laragon\\www\\Ecommerce\\app\\Controllers\\MainController.php')
 2 SYSTEMPATH\Autoloader\Autoloader.php(263): CodeIgniter\Autoloader\Autoloader->loadInNamespace('App\\Controllers\\MainController')
 3 [internal function]: CodeIgniter\Autoloader\Autoloader->loadClass('App\\Controllers\\MainController')
 4 SYSTEMPATH\CodeIgniter.php(877): class_exists('\\App\\Controllers\\MainController', true)
 5 SYSTEMPATH\CodeIgniter.php(481): CodeIgniter\CodeIgniter->startController()
 6 SYSTEMPATH\CodeIgniter.php(353): CodeIgniter\CodeIgniter->handleRequest(null, Object(Config\Cache), false)
 7 FCPATH\index.php(79): CodeIgniter\CodeIgniter->run()
 8 SYSTEMPATH\Commands\Server\rewrite.php(47): require_once('C:\\laragon\\www\\Ecommerce\\public\\index.php')
CRITICAL - 2023-10-26 06:32:12 --> Cannot access protected property CodeIgniter\HTTP\Files\UploadedFile::$size
in APPPATH\Controllers\MainController.php on line 173.
 1 SYSTEMPATH\CodeIgniter.php(919): App\Controllers\MainController->update_product('8')
 2 SYSTEMPATH\CodeIgniter.php(494): CodeIgniter\CodeIgniter->runController(Object(App\Controllers\MainController))
 3 SYSTEMPATH\CodeIgniter.php(353): CodeIgniter\CodeIgniter->handleRequest(null, Object(Config\Cache), false)
 4 FCPATH\index.php(79): CodeIgniter\CodeIgniter->run()
 5 SYSTEMPATH\Commands\Server\rewrite.php(47): require_once('C:\\laragon\\www\\Ecommerce\\public\\index.php')
CRITICAL - 2023-10-26 06:35:26 --> Undefined property: CodeIgniter\HTTP\Files\UploadedFile::$pathName
in APPPATH\Controllers\MainController.php on line 173.
 1 APPPATH\Controllers\MainController.php(173): CodeIgniter\Debug\Exceptions->errorHandler(2, 'Undefined property: CodeIgniter\\HTTP\\Files\\UploadedFile::$pathName', 'C:\\laragon\\www\\Ecommerce\\app\\Controllers\\MainController.php', 173)
 2 SYSTEMPATH\CodeIgniter.php(919): App\Controllers\MainController->update_product('8')
 3 SYSTEMPATH\CodeIgniter.php(494): CodeIgniter\CodeIgniter->runController(Object(App\Controllers\MainController))
 4 SYSTEMPATH\CodeIgniter.php(353): CodeIgniter\CodeIgniter->handleRequest(null, Object(Config\Cache), false)
 5 FCPATH\index.php(79): CodeIgniter\CodeIgniter->run()
 6 SYSTEMPATH\Commands\Server\rewrite.php(47): require_once('C:\\laragon\\www\\Ecommerce\\public\\index.php')
CRITICAL - 2023-10-26 06:35:39 --> Undefined property: CodeIgniter\HTTP\Files\UploadedFile::$pathName
in APPPATH\Controllers\MainController.php on line 173.
 1 APPPATH\Controllers\MainController.php(173): CodeIgniter\Debug\Exceptions->errorHandler(2, 'Undefined property: CodeIgniter\\HTTP\\Files\\UploadedFile::$pathName', 'C:\\laragon\\www\\Ecommerce\\app\\Controllers\\MainController.php', 173)
 2 SYSTEMPATH\CodeIgniter.php(919): App\Controllers\MainController->update_product('8')
 3 SYSTEMPATH\CodeIgniter.php(494): CodeIgniter\CodeIgniter->runController(Object(App\Controllers\MainController))
 4 SYSTEMPATH\CodeIgniter.php(353): CodeIgniter\CodeIgniter->handleRequest(null, Object(Config\Cache), false)
 5 FCPATH\index.php(79): CodeIgniter\CodeIgniter->run()
 6 SYSTEMPATH\Commands\Server\rewrite.php(47): require_once('C:\\laragon\\www\\Ecommerce\\public\\index.php')
CRITICAL - 2023-10-26 07:55:10 --> Cannot use object of type CodeIgniter\HTTP\Files\UploadedFile as array
in APPPATH\Controllers\MainController.php on line 173.
 1 SYSTEMPATH\CodeIgniter.php(919): App\Controllers\MainController->update_product('8')
 2 SYSTEMPATH\CodeIgniter.php(494): CodeIgniter\CodeIgniter->runController(Object(App\Controllers\MainController))
 3 SYSTEMPATH\CodeIgniter.php(353): CodeIgniter\CodeIgniter->handleRequest(null, Object(Config\Cache), false)
 4 FCPATH\index.php(79): CodeIgniter\CodeIgniter->run()
 5 SYSTEMPATH\Commands\Server\rewrite.php(47): require_once('C:\\laragon\\www\\Ecommerce\\public\\index.php')
CRITICAL - 2023-10-26 08:12:15 --> Undefined property: CodeIgniter\HTTP\Files\UploadedFile::$pathName
in APPPATH\Controllers\MainController.php on line 173.
 1 APPPATH\Controllers\MainController.php(173): CodeIgniter\Debug\Exceptions->errorHandler(2, 'Undefined property: CodeIgniter\\HTTP\\Files\\UploadedFile::$pathName', 'C:\\laragon\\www\\Ecommerce\\app\\Controllers\\MainController.php', 173)
 2 SYSTEMPATH\CodeIgniter.php(919): App\Controllers\MainController->update_product('8')
 3 SYSTEMPATH\CodeIgniter.php(494): CodeIgniter\CodeIgniter->runController(Object(App\Controllers\MainController))
 4 SYSTEMPATH\CodeIgniter.php(353): CodeIgniter\CodeIgniter->handleRequest(null, Object(Config\Cache), false)
 5 FCPATH\index.php(79): CodeIgniter\CodeIgniter->run()
 6 SYSTEMPATH\Commands\Server\rewrite.php(47): require_once('C:\\laragon\\www\\Ecommerce\\public\\index.php')
CRITICAL - 2023-10-26 08:12:23 --> Cannot access protected property CodeIgniter\HTTP\Files\UploadedFile::$name
in APPPATH\Controllers\MainController.php on line 173.
 1 SYSTEMPATH\CodeIgniter.php(919): App\Controllers\MainController->update_product('8')
 2 SYSTEMPATH\CodeIgniter.php(494): CodeIgniter\CodeIgniter->runController(Object(App\Controllers\MainController))
 3 SYSTEMPATH\CodeIgniter.php(353): CodeIgniter\CodeIgniter->handleRequest(null, Object(Config\Cache), false)
 4 FCPATH\index.php(79): CodeIgniter\CodeIgniter->run()
 5 SYSTEMPATH\Commands\Server\rewrite.php(47): require_once('C:\\laragon\\www\\Ecommerce\\public\\index.php')
CRITICAL - 2023-10-26 08:12:47 --> Undefined property: CodeIgniter\HTTP\Files\UploadedFile::$pathName
in APPPATH\Controllers\MainController.php on line 173.
 1 APPPATH\Controllers\MainController.php(173): CodeIgniter\Debug\Exceptions->errorHandler(2, 'Undefined property: CodeIgniter\\HTTP\\Files\\UploadedFile::$pathName', 'C:\\laragon\\www\\Ecommerce\\app\\Controllers\\MainController.php', 173)
 2 SYSTEMPATH\CodeIgniter.php(919): App\Controllers\MainController->update_product('8')
 3 SYSTEMPATH\CodeIgniter.php(494): CodeIgniter\CodeIgniter->runController(Object(App\Controllers\MainController))
 4 SYSTEMPATH\CodeIgniter.php(353): CodeIgniter\CodeIgniter->handleRequest(null, Object(Config\Cache), false)
 5 FCPATH\index.php(79): CodeIgniter\CodeIgniter->run()
 6 SYSTEMPATH\Commands\Server\rewrite.php(47): require_once('C:\\laragon\\www\\Ecommerce\\public\\index.php')
CRITICAL - 2023-10-26 08:14:29 --> Undefined array key "name"
in APPPATH\Controllers\MainController.php on line 173.
 1 APPPATH\Controllers\MainController.php(173): CodeIgniter\Debug\Exceptions->errorHandler(2, 'Undefined array key "name"', 'C:\\laragon\\www\\Ecommerce\\app\\Controllers\\MainController.php', 173)
 2 SYSTEMPATH\CodeIgniter.php(919): App\Controllers\MainController->update_product('8')
 3 SYSTEMPATH\CodeIgniter.php(494): CodeIgniter\CodeIgniter->runController(Object(App\Controllers\MainController))
 4 SYSTEMPATH\CodeIgniter.php(353): CodeIgniter\CodeIgniter->handleRequest(null, Object(Config\Cache), false)
 5 FCPATH\index.php(79): CodeIgniter\CodeIgniter->run()
 6 SYSTEMPATH\Commands\Server\rewrite.php(47): require_once('C:\\laragon\\www\\Ecommerce\\public\\index.php')
CRITICAL - 2023-10-26 08:14:39 --> Undefined array key "name"
in APPPATH\Controllers\MainController.php on line 173.
 1 APPPATH\Controllers\MainController.php(173): CodeIgniter\Debug\Exceptions->errorHandler(2, 'Undefined array key "name"', 'C:\\laragon\\www\\Ecommerce\\app\\Controllers\\MainController.php', 173)
 2 SYSTEMPATH\CodeIgniter.php(919): App\Controllers\MainController->update_product('8')
 3 SYSTEMPATH\CodeIgniter.php(494): CodeIgniter\CodeIgniter->runController(Object(App\Controllers\MainController))
 4 SYSTEMPATH\CodeIgniter.php(353): CodeIgniter\CodeIgniter->handleRequest(null, Object(Config\Cache), false)
 5 FCPATH\index.php(79): CodeIgniter\CodeIgniter->run()
 6 SYSTEMPATH\Commands\Server\rewrite.php(47): require_once('C:\\laragon\\www\\Ecommerce\\public\\index.php')
CRITICAL - 2023-10-26 08:14:59 --> Undefined array key "name"
in APPPATH\Controllers\MainController.php on line 173.
 1 APPPATH\Controllers\MainController.php(173): CodeIgniter\Debug\Exceptions->errorHandler(2, 'Undefined array key "name"', 'C:\\laragon\\www\\Ecommerce\\app\\Controllers\\MainController.php', 173)
 2 SYSTEMPATH\CodeIgniter.php(919): App\Controllers\MainController->update_product('8')
 3 SYSTEMPATH\CodeIgniter.php(494): CodeIgniter\CodeIgniter->runController(Object(App\Controllers\MainController))
 4 SYSTEMPATH\CodeIgniter.php(353): CodeIgniter\CodeIgniter->handleRequest(null, Object(Config\Cache), false)
 5 FCPATH\index.php(79): CodeIgniter\CodeIgniter->run()
 6 SYSTEMPATH\Commands\Server\rewrite.php(47): require_once('C:\\laragon\\www\\Ecommerce\\public\\index.php')
CRITICAL - 2023-10-26 08:15:07 --> Path cannot be empty
in APPPATH\Controllers\MainController.php on line 174.
 1 APPPATH\Controllers\MainController.php(174): file_get_contents('')
 2 SYSTEMPATH\CodeIgniter.php(919): App\Controllers\MainController->update_product('8')
 3 SYSTEMPATH\CodeIgniter.php(494): CodeIgniter\CodeIgniter->runController(Object(App\Controllers\MainController))
 4 SYSTEMPATH\CodeIgniter.php(353): CodeIgniter\CodeIgniter->handleRequest(null, Object(Config\Cache), false)
 5 FCPATH\index.php(79): CodeIgniter\CodeIgniter->run()
 6 SYSTEMPATH\Commands\Server\rewrite.php(47): require_once('C:\\laragon\\www\\Ecommerce\\public\\index.php')
CRITICAL - 2023-10-26 23:09:40 --> syntax error, unexpected token "foreach"
in APPPATH\Views\product-detail.php on line 73.
 1 SYSTEMPATH\View\View.php(229): CodeIgniter\View\View->CodeIgniter\View\{closure}()
 2 SYSTEMPATH\Common.php(1188): CodeIgniter\View\View->render('product-detail', [], true)
 3 APPPATH\Controllers\MainController.php(192): view('product-detail', [...])
 4 SYSTEMPATH\CodeIgniter.php(919): App\Controllers\MainController->view_product('12')
 5 SYSTEMPATH\CodeIgniter.php(494): CodeIgniter\CodeIgniter->runController(Object(App\Controllers\MainController))
 6 SYSTEMPATH\CodeIgniter.php(353): CodeIgniter\CodeIgniter->handleRequest(null, Object(Config\Cache), false)
 7 FCPATH\index.php(79): CodeIgniter\CodeIgniter->run()
 8 SYSTEMPATH\Commands\Server\rewrite.php(47): require_once('C:\\laragon\\www\\Ecommerce\\public\\index.php')
CRITICAL - 2023-10-26 23:26:08 --> syntax error, unexpected token "foreach"
in APPPATH\Views\product-detail.php on line 128.
 1 SYSTEMPATH\View\View.php(229): CodeIgniter\View\View->CodeIgniter\View\{closure}()
 2 SYSTEMPATH\Common.php(1188): CodeIgniter\View\View->render('product-detail', [], true)
 3 APPPATH\Controllers\MainController.php(193): view('product-detail', [...])
 4 SYSTEMPATH\CodeIgniter.php(919): App\Controllers\MainController->view_product('12')
 5 SYSTEMPATH\CodeIgniter.php(494): CodeIgniter\CodeIgniter->runController(Object(App\Controllers\MainController))
 6 SYSTEMPATH\CodeIgniter.php(353): CodeIgniter\CodeIgniter->handleRequest(null, Object(Config\Cache), false)
 7 FCPATH\index.php(79): CodeIgniter\CodeIgniter->run()
 8 SYSTEMPATH\Commands\Server\rewrite.php(47): require_once('C:\\laragon\\www\\Ecommerce\\public\\index.php')
CRITICAL - 2023-10-26 23:27:35 --> Trying to access array offset on value of type int
in APPPATH\Views\product-detail.php on line 133.
 1 APPPATH\Views\product-detail.php(133): CodeIgniter\Debug\Exceptions->errorHandler(2, 'Trying to access array offset on value of type int', 'C:\\laragon\\www\\Ecommerce\\app\\Views\\product-detail.php', 133)
 2 SYSTEMPATH\View\View.php(226): include('C:\\laragon\\www\\Ecommerce\\app\\Views\\product-detail.php')
 3 SYSTEMPATH\View\View.php(229): CodeIgniter\View\View->CodeIgniter\View\{closure}()
 4 SYSTEMPATH\Common.php(1188): CodeIgniter\View\View->render('product-detail', [], true)
 5 APPPATH\Controllers\MainController.php(193): view('product-detail', [...])
 6 SYSTEMPATH\CodeIgniter.php(919): App\Controllers\MainController->view_product('12')
 7 SYSTEMPATH\CodeIgniter.php(494): CodeIgniter\CodeIgniter->runController(Object(App\Controllers\MainController))
 8 SYSTEMPATH\CodeIgniter.php(353): CodeIgniter\CodeIgniter->handleRequest(null, Object(Config\Cache), false)
 9 FCPATH\index.php(79): CodeIgniter\CodeIgniter->run()
10 SYSTEMPATH\Commands\Server\rewrite.php(47): require_once('C:\\laragon\\www\\Ecommerce\\public\\index.php')
CRITICAL - 2023-10-26 23:29:11 --> foreach() argument must be of type array|object, int given
in APPPATH\Views\product-detail.php on line 128.
 1 APPPATH\Views\product-detail.php(128): CodeIgniter\Debug\Exceptions->errorHandler(2, 'foreach() argument must be of type array|object, int given', 'C:\\laragon\\www\\Ecommerce\\app\\Views\\product-detail.php', 128)
 2 SYSTEMPATH\View\View.php(226): include('C:\\laragon\\www\\Ecommerce\\app\\Views\\product-detail.php')
 3 SYSTEMPATH\View\View.php(229): CodeIgniter\View\View->CodeIgniter\View\{closure}()
 4 SYSTEMPATH\Common.php(1188): CodeIgniter\View\View->render('product-detail', [], true)
 5 APPPATH\Controllers\MainController.php(193): view('product-detail', [...])
 6 SYSTEMPATH\CodeIgniter.php(919): App\Controllers\MainController->view_product('12')
 7 SYSTEMPATH\CodeIgniter.php(494): CodeIgniter\CodeIgniter->runController(Object(App\Controllers\MainController))
 8 SYSTEMPATH\CodeIgniter.php(353): CodeIgniter\CodeIgniter->handleRequest(null, Object(Config\Cache), false)
 9 FCPATH\index.php(79): CodeIgniter\CodeIgniter->run()
10 SYSTEMPATH\Commands\Server\rewrite.php(47): require_once('C:\\laragon\\www\\Ecommerce\\public\\index.php')
CRITICAL - 2023-10-26 23:29:12 --> foreach() argument must be of type array|object, int given
in APPPATH\Views\product-detail.php on line 128.
 1 APPPATH\Views\product-detail.php(128): CodeIgniter\Debug\Exceptions->errorHandler(2, 'foreach() argument must be of type array|object, int given', 'C:\\laragon\\www\\Ecommerce\\app\\Views\\product-detail.php', 128)
 2 SYSTEMPATH\View\View.php(226): include('C:\\laragon\\www\\Ecommerce\\app\\Views\\product-detail.php')
 3 SYSTEMPATH\View\View.php(229): CodeIgniter\View\View->CodeIgniter\View\{closure}()
 4 SYSTEMPATH\Common.php(1188): CodeIgniter\View\View->render('product-detail', [], true)
 5 APPPATH\Controllers\MainController.php(193): view('product-detail', [...])
 6 SYSTEMPATH\CodeIgniter.php(919): App\Controllers\MainController->view_product('12')
 7 SYSTEMPATH\CodeIgniter.php(494): CodeIgniter\CodeIgniter->runController(Object(App\Controllers\MainController))
 8 SYSTEMPATH\CodeIgniter.php(353): CodeIgniter\CodeIgniter->handleRequest(null, Object(Config\Cache), false)
 9 FCPATH\index.php(79): CodeIgniter\CodeIgniter->run()
10 SYSTEMPATH\Commands\Server\rewrite.php(47): require_once('C:\\laragon\\www\\Ecommerce\\public\\index.php')
CRITICAL - 2023-10-26 23:29:42 --> Undefined variable $pro
in APPPATH\Views\product-detail.php on line 128.
 1 APPPATH\Views\product-detail.php(128): CodeIgniter\Debug\Exceptions->errorHandler(2, 'Undefined variable $pro', 'C:\\laragon\\www\\Ecommerce\\app\\Views\\product-detail.php', 128)
 2 SYSTEMPATH\View\View.php(226): include('C:\\laragon\\www\\Ecommerce\\app\\Views\\product-detail.php')
 3 SYSTEMPATH\View\View.php(229): CodeIgniter\View\View->CodeIgniter\View\{closure}()
 4 SYSTEMPATH\Common.php(1188): CodeIgniter\View\View->render('product-detail', [], true)
 5 APPPATH\Controllers\MainController.php(193): view('product-detail', [...])
 6 SYSTEMPATH\CodeIgniter.php(919): App\Controllers\MainController->view_product('12')
 7 SYSTEMPATH\CodeIgniter.php(494): CodeIgniter\CodeIgniter->runController(Object(App\Controllers\MainController))
 8 SYSTEMPATH\CodeIgniter.php(353): CodeIgniter\CodeIgniter->handleRequest(null, Object(Config\Cache), false)
 9 FCPATH\index.php(79): CodeIgniter\CodeIgniter->run()
10 SYSTEMPATH\Commands\Server\rewrite.php(47): require_once('C:\\laragon\\www\\Ecommerce\\public\\index.php')
CRITICAL - 2023-10-26 23:30:04 --> syntax error, unexpected token "foreach"
in APPPATH\Views\product-detail.php on line 128.
 1 SYSTEMPATH\View\View.php(229): CodeIgniter\View\View->CodeIgniter\View\{closure}()
 2 SYSTEMPATH\Common.php(1188): CodeIgniter\View\View->render('product-detail', [], true)
 3 APPPATH\Controllers\MainController.php(193): view('product-detail', [...])
 4 SYSTEMPATH\CodeIgniter.php(919): App\Controllers\MainController->view_product('12')
 5 SYSTEMPATH\CodeIgniter.php(494): CodeIgniter\CodeIgniter->runController(Object(App\Controllers\MainController))
 6 SYSTEMPATH\CodeIgniter.php(353): CodeIgniter\CodeIgniter->handleRequest(null, Object(Config\Cache), false)
 7 FCPATH\index.php(79): CodeIgniter\CodeIgniter->run()
 8 SYSTEMPATH\Commands\Server\rewrite.php(47): require_once('C:\\laragon\\www\\Ecommerce\\public\\index.php')
CRITICAL - 2023-10-26 23:32:04 --> array_rand(): Argument #2 ($num) must be between 1 and the number of elements in argument #1 ($array)
in APPPATH\Views\product-detail.php on line 127.
 1 APPPATH\Views\product-detail.php(127): array_rand([...], 7)
 2 SYSTEMPATH\View\View.php(226): include('C:\\laragon\\www\\Ecommerce\\app\\Views\\product-detail.php')
 3 SYSTEMPATH\View\View.php(229): CodeIgniter\View\View->CodeIgniter\View\{closure}()
 4 SYSTEMPATH\Common.php(1188): CodeIgniter\View\View->render('product-detail', [], true)
 5 APPPATH\Controllers\MainController.php(193): view('product-detail', [...])
 6 SYSTEMPATH\CodeIgniter.php(919): App\Controllers\MainController->view_product('12')
 7 SYSTEMPATH\CodeIgniter.php(494): CodeIgniter\CodeIgniter->runController(Object(App\Controllers\MainController))
 8 SYSTEMPATH\CodeIgniter.php(353): CodeIgniter\CodeIgniter->handleRequest(null, Object(Config\Cache), false)
 9 FCPATH\index.php(79): CodeIgniter\CodeIgniter->run()
10 SYSTEMPATH\Commands\Server\rewrite.php(47): require_once('C:\\laragon\\www\\Ecommerce\\public\\index.php')
CRITICAL - 2023-10-26 23:40:13 --> syntax error, unexpected token "while"
in APPPATH\Views\product-detail.php on line 130.
 1 SYSTEMPATH\View\View.php(229): CodeIgniter\View\View->CodeIgniter\View\{closure}()
 2 SYSTEMPATH\Common.php(1188): CodeIgniter\View\View->render('product-detail', [], true)
 3 APPPATH\Controllers\MainController.php(193): view('product-detail', [...])
 4 SYSTEMPATH\CodeIgniter.php(919): App\Controllers\MainController->view_product('12')
 5 SYSTEMPATH\CodeIgniter.php(494): CodeIgniter\CodeIgniter->runController(Object(App\Controllers\MainController))
 6 SYSTEMPATH\CodeIgniter.php(353): CodeIgniter\CodeIgniter->handleRequest(null, Object(Config\Cache), false)
 7 FCPATH\index.php(79): CodeIgniter\CodeIgniter->run()
 8 SYSTEMPATH\Commands\Server\rewrite.php(47): require_once('C:\\laragon\\www\\Ecommerce\\public\\index.php')
CRITICAL - 2023-10-26 23:40:22 --> array_rand(): Argument #2 ($num) must be between 1 and the number of elements in argument #1 ($array)
in APPPATH\Views\product-detail.php on line 134.
 1 APPPATH\Views\product-detail.php(134): array_rand([...], 0)
 2 SYSTEMPATH\View\View.php(226): include('C:\\laragon\\www\\Ecommerce\\app\\Views\\product-detail.php')
 3 SYSTEMPATH\View\View.php(229): CodeIgniter\View\View->CodeIgniter\View\{closure}()
 4 SYSTEMPATH\Common.php(1188): CodeIgniter\View\View->render('product-detail', [], true)
 5 APPPATH\Controllers\MainController.php(193): view('product-detail', [...])
 6 SYSTEMPATH\CodeIgniter.php(919): App\Controllers\MainController->view_product('12')
 7 SYSTEMPATH\CodeIgniter.php(494): CodeIgniter\CodeIgniter->runController(Object(App\Controllers\MainController))
 8 SYSTEMPATH\CodeIgniter.php(353): CodeIgniter\CodeIgniter->handleRequest(null, Object(Config\Cache), false)
 9 FCPATH\index.php(79): CodeIgniter\CodeIgniter->run()
10 SYSTEMPATH\Commands\Server\rewrite.php(47): require_once('C:\\laragon\\www\\Ecommerce\\public\\index.php')
CRITICAL - 2023-10-26 23:43:47 --> array_rand(): Argument #2 ($num) must be between 1 and the number of elements in argument #1 ($array)
in APPPATH\Views\product-detail.php on line 143.
 1 APPPATH\Views\product-detail.php(143): array_rand([...], 0)
 2 SYSTEMPATH\View\View.php(226): include('C:\\laragon\\www\\Ecommerce\\app\\Views\\product-detail.php')
 3 SYSTEMPATH\View\View.php(229): CodeIgniter\View\View->CodeIgniter\View\{closure}()
 4 SYSTEMPATH\Common.php(1188): CodeIgniter\View\View->render('product-detail', [], true)
 5 APPPATH\Controllers\MainController.php(193): view('product-detail', [...])
 6 SYSTEMPATH\CodeIgniter.php(919): App\Controllers\MainController->view_product('12')
 7 SYSTEMPATH\CodeIgniter.php(494): CodeIgniter\CodeIgniter->runController(Object(App\Controllers\MainController))
 8 SYSTEMPATH\CodeIgniter.php(353): CodeIgniter\CodeIgniter->handleRequest(null, Object(Config\Cache), false)
 9 FCPATH\index.php(79): CodeIgniter\CodeIgniter->run()
10 SYSTEMPATH\Commands\Server\rewrite.php(47): require_once('C:\\laragon\\www\\Ecommerce\\public\\index.php')
CRITICAL - 2023-10-26 23:43:50 --> array_rand(): Argument #2 ($num) must be between 1 and the number of elements in argument #1 ($array)
in APPPATH\Views\product-detail.php on line 143.
 1 APPPATH\Views\product-detail.php(143): array_rand([...], 0)
 2 SYSTEMPATH\View\View.php(226): include('C:\\laragon\\www\\Ecommerce\\app\\Views\\product-detail.php')
 3 SYSTEMPATH\View\View.php(229): CodeIgniter\View\View->CodeIgniter\View\{closure}()
 4 SYSTEMPATH\Common.php(1188): CodeIgniter\View\View->render('product-detail', [], true)
 5 APPPATH\Controllers\MainController.php(193): view('product-detail', [...])
 6 SYSTEMPATH\CodeIgniter.php(919): App\Controllers\MainController->view_product('12')
 7 SYSTEMPATH\CodeIgniter.php(494): CodeIgniter\CodeIgniter->runController(Object(App\Controllers\MainController))
 8 SYSTEMPATH\CodeIgniter.php(353): CodeIgniter\CodeIgniter->handleRequest(null, Object(Config\Cache), false)
 9 FCPATH\index.php(79): CodeIgniter\CodeIgniter->run()
10 SYSTEMPATH\Commands\Server\rewrite.php(47): require_once('C:\\laragon\\www\\Ecommerce\\public\\index.php')
CRITICAL - 2023-10-26 23:45:17 --> syntax error, unexpected token ";"
in APPPATH\Views\product-detail.php on line 99.
 1 SYSTEMPATH\View\View.php(229): CodeIgniter\View\View->CodeIgniter\View\{closure}()
 2 SYSTEMPATH\Common.php(1188): CodeIgniter\View\View->render('product-detail', [], true)
 3 APPPATH\Controllers\MainController.php(193): view('product-detail', [...])
 4 SYSTEMPATH\CodeIgniter.php(919): App\Controllers\MainController->view_product('12')
 5 SYSTEMPATH\CodeIgniter.php(494): CodeIgniter\CodeIgniter->runController(Object(App\Controllers\MainController))
 6 SYSTEMPATH\CodeIgniter.php(353): CodeIgniter\CodeIgniter->handleRequest(null, Object(Config\Cache), false)
 7 FCPATH\index.php(79): CodeIgniter\CodeIgniter->run()
 8 SYSTEMPATH\Commands\Server\rewrite.php(47): require_once('C:\\laragon\\www\\Ecommerce\\public\\index.php')
