CRITICAL - 2023-10-27 00:12:20 --> syntax error, unexpected variable "$prod_list", expecting "("
in APPPATH\Views\product-detail.php on line 101.
 1 SYSTEMPATH\View\View.php(229): CodeIgniter\View\View->CodeIgniter\View\{closure}()
 2 SYSTEMPATH\Common.php(1188): CodeIgniter\View\View->render('product-detail', [], true)
 3 APPPATH\Controllers\MainController.php(193): view('product-detail', [...])
 4 SYSTEMPATH\CodeIgniter.php(919): App\Controllers\MainController->view_product('12')
 5 SYSTEMPATH\CodeIgniter.php(494): CodeIgniter\CodeIgniter->runController(Object(App\Controllers\MainController))
 6 SYSTEMPATH\CodeIgniter.php(353): CodeIgniter\CodeIgniter->handleRequest(null, Object(Config\Cache), false)
 7 FCPATH\index.php(79): CodeIgniter\CodeIgniter->run()
 8 SYSTEMPATH\Commands\Server\rewrite.php(47): require_once('C:\\laragon\\www\\Ecommerce\\public\\index.php')
CRITICAL - 2023-10-27 00:22:37 --> array_rand(): Argument #2 ($num) must be between 1 and the number of elements in argument #1 ($array)
in APPPATH\Views\product-detail.php on line 142.
 1 APPPATH\Views\product-detail.php(142): array_rand([...], 4)
 2 SYSTEMPATH\View\View.php(226): include('C:\\laragon\\www\\Ecommerce\\app\\Views\\product-detail.php')
 3 SYSTEMPATH\View\View.php(229): CodeIgniter\View\View->CodeIgniter\View\{closure}()
 4 SYSTEMPATH\Common.php(1188): CodeIgniter\View\View->render('product-detail', [], true)
 5 APPPATH\Controllers\MainController.php(193): view('product-detail', [...])
 6 SYSTEMPATH\CodeIgniter.php(919): App\Controllers\MainController->view_product('12')
 7 SYSTEMPATH\CodeIgniter.php(494): CodeIgniter\CodeIgniter->runController(Object(App\Controllers\MainController))
 8 SYSTEMPATH\CodeIgniter.php(353): CodeIgniter\CodeIgniter->handleRequest(null, Object(Config\Cache), false)
 9 FCPATH\index.php(79): CodeIgniter\CodeIgniter->run()
10 SYSTEMPATH\Commands\Server\rewrite.php(47): require_once('C:\\laragon\\www\\Ecommerce\\public\\index.php')
CRITICAL - 2023-10-27 00:22:38 --> array_rand(): Argument #2 ($num) must be between 1 and the number of elements in argument #1 ($array)
in APPPATH\Views\product-detail.php on line 142.
 1 APPPATH\Views\product-detail.php(142): array_rand([...], 4)
 2 SYSTEMPATH\View\View.php(226): include('C:\\laragon\\www\\Ecommerce\\app\\Views\\product-detail.php')
 3 SYSTEMPATH\View\View.php(229): CodeIgniter\View\View->CodeIgniter\View\{closure}()
 4 SYSTEMPATH\Common.php(1188): CodeIgniter\View\View->render('product-detail', [], true)
 5 APPPATH\Controllers\MainController.php(193): view('product-detail', [...])
 6 SYSTEMPATH\CodeIgniter.php(919): App\Controllers\MainController->view_product('12')
 7 SYSTEMPATH\CodeIgniter.php(494): CodeIgniter\CodeIgniter->runController(Object(App\Controllers\MainController))
 8 SYSTEMPATH\CodeIgniter.php(353): CodeIgniter\CodeIgniter->handleRequest(null, Object(Config\Cache), false)
 9 FCPATH\index.php(79): CodeIgniter\CodeIgniter->run()
10 SYSTEMPATH\Commands\Server\rewrite.php(47): require_once('C:\\laragon\\www\\Ecommerce\\public\\index.php')
CRITICAL - 2023-10-27 00:23:54 --> Undefined variable $selected
in APPPATH\Views\product-detail.php on line 141.
 1 APPPATH\Views\product-detail.php(141): CodeIgniter\Debug\Exceptions->errorHandler(2, 'Undefined variable $selected', 'C:\\laragon\\www\\Ecommerce\\app\\Views\\product-detail.php', 141)
 2 SYSTEMPATH\View\View.php(226): include('C:\\laragon\\www\\Ecommerce\\app\\Views\\product-detail.php')
 3 SYSTEMPATH\View\View.php(229): CodeIgniter\View\View->CodeIgniter\View\{closure}()
 4 SYSTEMPATH\Common.php(1188): CodeIgniter\View\View->render('product-detail', [], true)
 5 APPPATH\Controllers\MainController.php(193): view('product-detail', [...])
 6 SYSTEMPATH\CodeIgniter.php(919): App\Controllers\MainController->view_product('12')
 7 SYSTEMPATH\CodeIgniter.php(494): CodeIgniter\CodeIgniter->runController(Object(App\Controllers\MainController))
 8 SYSTEMPATH\CodeIgniter.php(353): CodeIgniter\CodeIgniter->handleRequest(null, Object(Config\Cache), false)
 9 FCPATH\index.php(79): CodeIgniter\CodeIgniter->run()
10 SYSTEMPATH\Commands\Server\rewrite.php(47): require_once('C:\\laragon\\www\\Ecommerce\\public\\index.php')
CRITICAL - 2023-10-27 00:23:55 --> Undefined variable $selected
in APPPATH\Views\product-detail.php on line 141.
 1 APPPATH\Views\product-detail.php(141): CodeIgniter\Debug\Exceptions->errorHandler(2, 'Undefined variable $selected', 'C:\\laragon\\www\\Ecommerce\\app\\Views\\product-detail.php', 141)
 2 SYSTEMPATH\View\View.php(226): include('C:\\laragon\\www\\Ecommerce\\app\\Views\\product-detail.php')
 3 SYSTEMPATH\View\View.php(229): CodeIgniter\View\View->CodeIgniter\View\{closure}()
 4 SYSTEMPATH\Common.php(1188): CodeIgniter\View\View->render('product-detail', [], true)
 5 APPPATH\Controllers\MainController.php(193): view('product-detail', [...])
 6 SYSTEMPATH\CodeIgniter.php(919): App\Controllers\MainController->view_product('12')
 7 SYSTEMPATH\CodeIgniter.php(494): CodeIgniter\CodeIgniter->runController(Object(App\Controllers\MainController))
 8 SYSTEMPATH\CodeIgniter.php(353): CodeIgniter\CodeIgniter->handleRequest(null, Object(Config\Cache), false)
 9 FCPATH\index.php(79): CodeIgniter\CodeIgniter->run()
10 SYSTEMPATH\Commands\Server\rewrite.php(47): require_once('C:\\laragon\\www\\Ecommerce\\public\\index.php')
CRITICAL - 2023-10-27 00:23:55 --> Undefined variable $selected
in APPPATH\Views\product-detail.php on line 141.
 1 APPPATH\Views\product-detail.php(141): CodeIgniter\Debug\Exceptions->errorHandler(2, 'Undefined variable $selected', 'C:\\laragon\\www\\Ecommerce\\app\\Views\\product-detail.php', 141)
 2 SYSTEMPATH\View\View.php(226): include('C:\\laragon\\www\\Ecommerce\\app\\Views\\product-detail.php')
 3 SYSTEMPATH\View\View.php(229): CodeIgniter\View\View->CodeIgniter\View\{closure}()
 4 SYSTEMPATH\Common.php(1188): CodeIgniter\View\View->render('product-detail', [], true)
 5 APPPATH\Controllers\MainController.php(193): view('product-detail', [...])
 6 SYSTEMPATH\CodeIgniter.php(919): App\Controllers\MainController->view_product('12')
 7 SYSTEMPATH\CodeIgniter.php(494): CodeIgniter\CodeIgniter->runController(Object(App\Controllers\MainController))
 8 SYSTEMPATH\CodeIgniter.php(353): CodeIgniter\CodeIgniter->handleRequest(null, Object(Config\Cache), false)
 9 FCPATH\index.php(79): CodeIgniter\CodeIgniter->run()
10 SYSTEMPATH\Commands\Server\rewrite.php(47): require_once('C:\\laragon\\www\\Ecommerce\\public\\index.php')
CRITICAL - 2023-10-27 00:23:55 --> Undefined variable $selected
in APPPATH\Views\product-detail.php on line 141.
 1 APPPATH\Views\product-detail.php(141): CodeIgniter\Debug\Exceptions->errorHandler(2, 'Undefined variable $selected', 'C:\\laragon\\www\\Ecommerce\\app\\Views\\product-detail.php', 141)
 2 SYSTEMPATH\View\View.php(226): include('C:\\laragon\\www\\Ecommerce\\app\\Views\\product-detail.php')
 3 SYSTEMPATH\View\View.php(229): CodeIgniter\View\View->CodeIgniter\View\{closure}()
 4 SYSTEMPATH\Common.php(1188): CodeIgniter\View\View->render('product-detail', [], true)
 5 APPPATH\Controllers\MainController.php(193): view('product-detail', [...])
 6 SYSTEMPATH\CodeIgniter.php(919): App\Controllers\MainController->view_product('12')
 7 SYSTEMPATH\CodeIgniter.php(494): CodeIgniter\CodeIgniter->runController(Object(App\Controllers\MainController))
 8 SYSTEMPATH\CodeIgniter.php(353): CodeIgniter\CodeIgniter->handleRequest(null, Object(Config\Cache), false)
 9 FCPATH\index.php(79): CodeIgniter\CodeIgniter->run()
10 SYSTEMPATH\Commands\Server\rewrite.php(47): require_once('C:\\laragon\\www\\Ecommerce\\public\\index.php')
CRITICAL - 2023-10-27 00:24:14 --> array_rand(): Argument #2 ($num) must be between 1 and the number of elements in argument #1 ($array)
in APPPATH\Views\product-detail.php on line 144.
 1 APPPATH\Views\product-detail.php(144): array_rand([...], 4)
 2 SYSTEMPATH\View\View.php(226): include('C:\\laragon\\www\\Ecommerce\\app\\Views\\product-detail.php')
 3 SYSTEMPATH\View\View.php(229): CodeIgniter\View\View->CodeIgniter\View\{closure}()
 4 SYSTEMPATH\Common.php(1188): CodeIgniter\View\View->render('product-detail', [], true)
 5 APPPATH\Controllers\MainController.php(193): view('product-detail', [...])
 6 SYSTEMPATH\CodeIgniter.php(919): App\Controllers\MainController->view_product('12')
 7 SYSTEMPATH\CodeIgniter.php(494): CodeIgniter\CodeIgniter->runController(Object(App\Controllers\MainController))
 8 SYSTEMPATH\CodeIgniter.php(353): CodeIgniter\CodeIgniter->handleRequest(null, Object(Config\Cache), false)
 9 FCPATH\index.php(79): CodeIgniter\CodeIgniter->run()
10 SYSTEMPATH\Commands\Server\rewrite.php(47): require_once('C:\\laragon\\www\\Ecommerce\\public\\index.php')
CRITICAL - 2023-10-27 00:25:24 --> array_rand(): Argument #2 ($num) must be between 1 and the number of elements in argument #1 ($array)
in APPPATH\Views\product-detail.php on line 144.
 1 APPPATH\Views\product-detail.php(144): array_rand([...], 4)
 2 SYSTEMPATH\View\View.php(226): include('C:\\laragon\\www\\Ecommerce\\app\\Views\\product-detail.php')
 3 SYSTEMPATH\View\View.php(229): CodeIgniter\View\View->CodeIgniter\View\{closure}()
 4 SYSTEMPATH\Common.php(1188): CodeIgniter\View\View->render('product-detail', [], true)
 5 APPPATH\Controllers\MainController.php(193): view('product-detail', [...])
 6 SYSTEMPATH\CodeIgniter.php(919): App\Controllers\MainController->view_product('12')
 7 SYSTEMPATH\CodeIgniter.php(494): CodeIgniter\CodeIgniter->runController(Object(App\Controllers\MainController))
 8 SYSTEMPATH\CodeIgniter.php(353): CodeIgniter\CodeIgniter->handleRequest(null, Object(Config\Cache), false)
 9 FCPATH\index.php(79): CodeIgniter\CodeIgniter->run()
10 SYSTEMPATH\Commands\Server\rewrite.php(47): require_once('C:\\laragon\\www\\Ecommerce\\public\\index.php')
CRITICAL - 2023-10-27 00:25:30 --> array_rand(): Argument #2 ($num) must be between 1 and the number of elements in argument #1 ($array)
in APPPATH\Views\product-detail.php on line 144.
 1 APPPATH\Views\product-detail.php(144): array_rand([...], 4)
 2 SYSTEMPATH\View\View.php(226): include('C:\\laragon\\www\\Ecommerce\\app\\Views\\product-detail.php')
 3 SYSTEMPATH\View\View.php(229): CodeIgniter\View\View->CodeIgniter\View\{closure}()
 4 SYSTEMPATH\Common.php(1188): CodeIgniter\View\View->render('product-detail', [], true)
 5 APPPATH\Controllers\MainController.php(193): view('product-detail', [...])
 6 SYSTEMPATH\CodeIgniter.php(919): App\Controllers\MainController->view_product('7')
 7 SYSTEMPATH\CodeIgniter.php(494): CodeIgniter\CodeIgniter->runController(Object(App\Controllers\MainController))
 8 SYSTEMPATH\CodeIgniter.php(353): CodeIgniter\CodeIgniter->handleRequest(null, Object(Config\Cache), false)
 9 FCPATH\index.php(79): CodeIgniter\CodeIgniter->run()
10 SYSTEMPATH\Commands\Server\rewrite.php(47): require_once('C:\\laragon\\www\\Ecommerce\\public\\index.php')
CRITICAL - 2023-10-27 00:26:34 --> array_rand(): Argument #2 ($num) must be between 1 and the number of elements in argument #1 ($array)
in APPPATH\Views\product-detail.php on line 144.
 1 APPPATH\Views\product-detail.php(144): array_rand([...], 4)
 2 SYSTEMPATH\View\View.php(226): include('C:\\laragon\\www\\Ecommerce\\app\\Views\\product-detail.php')
 3 SYSTEMPATH\View\View.php(229): CodeIgniter\View\View->CodeIgniter\View\{closure}()
 4 SYSTEMPATH\Common.php(1188): CodeIgniter\View\View->render('product-detail', [], true)
 5 APPPATH\Controllers\MainController.php(193): view('product-detail', [...])
 6 SYSTEMPATH\CodeIgniter.php(919): App\Controllers\MainController->view_product('7')
 7 SYSTEMPATH\CodeIgniter.php(494): CodeIgniter\CodeIgniter->runController(Object(App\Controllers\MainController))
 8 SYSTEMPATH\CodeIgniter.php(353): CodeIgniter\CodeIgniter->handleRequest(null, Object(Config\Cache), false)
 9 FCPATH\index.php(79): CodeIgniter\CodeIgniter->run()
10 SYSTEMPATH\Commands\Server\rewrite.php(47): require_once('C:\\laragon\\www\\Ecommerce\\public\\index.php')
CRITICAL - 2023-10-27 00:29:40 --> foreach() argument must be of type array|object, int given
in APPPATH\Views\product-detail.php on line 149.
 1 APPPATH\Views\product-detail.php(149): CodeIgniter\Debug\Exceptions->errorHandler(2, 'foreach() argument must be of type array|object, int given', 'C:\\laragon\\www\\Ecommerce\\app\\Views\\product-detail.php', 149)
 2 SYSTEMPATH\View\View.php(226): include('C:\\laragon\\www\\Ecommerce\\app\\Views\\product-detail.php')
 3 SYSTEMPATH\View\View.php(229): CodeIgniter\View\View->CodeIgniter\View\{closure}()
 4 SYSTEMPATH\Common.php(1188): CodeIgniter\View\View->render('product-detail', [], true)
 5 APPPATH\Controllers\MainController.php(193): view('product-detail', [...])
 6 SYSTEMPATH\CodeIgniter.php(919): App\Controllers\MainController->view_product('12')
 7 SYSTEMPATH\CodeIgniter.php(494): CodeIgniter\CodeIgniter->runController(Object(App\Controllers\MainController))
 8 SYSTEMPATH\CodeIgniter.php(353): CodeIgniter\CodeIgniter->handleRequest(null, Object(Config\Cache), false)
 9 FCPATH\index.php(79): CodeIgniter\CodeIgniter->run()
10 SYSTEMPATH\Commands\Server\rewrite.php(47): require_once('C:\\laragon\\www\\Ecommerce\\public\\index.php')
CRITICAL - 2023-10-27 00:30:43 --> Illegal offset type
in APPPATH\Views\product-detail.php on line 154.
 1 SYSTEMPATH\View\View.php(226): include()
 2 SYSTEMPATH\View\View.php(229): CodeIgniter\View\View->CodeIgniter\View\{closure}()
 3 SYSTEMPATH\Common.php(1188): CodeIgniter\View\View->render('product-detail', [], true)
 4 APPPATH\Controllers\MainController.php(193): view('product-detail', [...])
 5 SYSTEMPATH\CodeIgniter.php(919): App\Controllers\MainController->view_product('7')
 6 SYSTEMPATH\CodeIgniter.php(494): CodeIgniter\CodeIgniter->runController(Object(App\Controllers\MainController))
 7 SYSTEMPATH\CodeIgniter.php(353): CodeIgniter\CodeIgniter->handleRequest(null, Object(Config\Cache), false)
 8 FCPATH\index.php(79): CodeIgniter\CodeIgniter->run()
 9 SYSTEMPATH\Commands\Server\rewrite.php(47): require_once('C:\\laragon\\www\\Ecommerce\\public\\index.php')
CRITICAL - 2023-10-27 00:33:38 --> Trying to access array offset on value of type null
in APPPATH\Views\product-detail.php on line 26.
 1 APPPATH\Views\product-detail.php(26): CodeIgniter\Debug\Exceptions->errorHandler(2, 'Trying to access array offset on value of type null', 'C:\\laragon\\www\\Ecommerce\\app\\Views\\product-detail.php', 26)
 2 SYSTEMPATH\View\View.php(226): include('C:\\laragon\\www\\Ecommerce\\app\\Views\\product-detail.php')
 3 SYSTEMPATH\View\View.php(229): CodeIgniter\View\View->CodeIgniter\View\{closure}()
 4 SYSTEMPATH\Common.php(1188): CodeIgniter\View\View->render('product-detail', [], true)
 5 APPPATH\Controllers\MainController.php(193): view('product-detail', [...])
 6 SYSTEMPATH\CodeIgniter.php(919): App\Controllers\MainController->view_product('index.html')
 7 SYSTEMPATH\CodeIgniter.php(494): CodeIgniter\CodeIgniter->runController(Object(App\Controllers\MainController))
 8 SYSTEMPATH\CodeIgniter.php(353): CodeIgniter\CodeIgniter->handleRequest(null, Object(Config\Cache), false)
 9 FCPATH\index.php(79): CodeIgniter\CodeIgniter->run()
10 SYSTEMPATH\Commands\Server\rewrite.php(47): require_once('C:\\laragon\\www\\Ecommerce\\public\\index.php')
CRITICAL - 2023-10-27 06:02:31 --> Trying to access array offset on value of type null
in APPPATH\Views\product-detail.php on line 26.
 1 APPPATH\Views\product-detail.php(26): CodeIgniter\Debug\Exceptions->errorHandler(2, 'Trying to access array offset on value of type null', 'C:\\laragon\\www\\Ecommerce\\app\\Views\\product-detail.php', 26)
 2 SYSTEMPATH\View\View.php(226): include('C:\\laragon\\www\\Ecommerce\\app\\Views\\product-detail.php')
 3 SYSTEMPATH\View\View.php(229): CodeIgniter\View\View->CodeIgniter\View\{closure}()
 4 SYSTEMPATH\Common.php(1188): CodeIgniter\View\View->render('product-detail', [], true)
 5 APPPATH\Controllers\MainController.php(193): view('product-detail', [...])
 6 SYSTEMPATH\CodeIgniter.php(919): App\Controllers\MainController->view_product('product.html')
 7 SYSTEMPATH\CodeIgniter.php(494): CodeIgniter\CodeIgniter->runController(Object(App\Controllers\MainController))
 8 SYSTEMPATH\CodeIgniter.php(353): CodeIgniter\CodeIgniter->handleRequest(null, Object(Config\Cache), false)
 9 FCPATH\index.php(79): CodeIgniter\CodeIgniter->run()
10 SYSTEMPATH\Commands\Server\rewrite.php(47): require_once('C:\\laragon\\www\\Ecommerce\\public\\index.php')
CRITICAL - 2023-10-27 06:02:42 --> Trying to access array offset on value of type null
in APPPATH\Views\product-detail.php on line 26.
 1 APPPATH\Views\product-detail.php(26): CodeIgniter\Debug\Exceptions->errorHandler(2, 'Trying to access array offset on value of type null', 'C:\\laragon\\www\\Ecommerce\\app\\Views\\product-detail.php', 26)
 2 SYSTEMPATH\View\View.php(226): include('C:\\laragon\\www\\Ecommerce\\app\\Views\\product-detail.php')
 3 SYSTEMPATH\View\View.php(229): CodeIgniter\View\View->CodeIgniter\View\{closure}()
 4 SYSTEMPATH\Common.php(1188): CodeIgniter\View\View->render('product-detail', [], true)
 5 APPPATH\Controllers\MainController.php(193): view('product-detail', [...])
 6 SYSTEMPATH\CodeIgniter.php(919): App\Controllers\MainController->view_product('product.html')
 7 SYSTEMPATH\CodeIgniter.php(494): CodeIgniter\CodeIgniter->runController(Object(App\Controllers\MainController))
 8 SYSTEMPATH\CodeIgniter.php(353): CodeIgniter\CodeIgniter->handleRequest(null, Object(Config\Cache), false)
 9 FCPATH\index.php(79): CodeIgniter\CodeIgniter->run()
10 SYSTEMPATH\Commands\Server\rewrite.php(47): require_once('C:\\laragon\\www\\Ecommerce\\public\\index.php')
CRITICAL - 2023-10-27 06:05:03 --> Trying to access array offset on value of type null
in APPPATH\Views\product-detail.php on line 26.
 1 APPPATH\Views\product-detail.php(26): CodeIgniter\Debug\Exceptions->errorHandler(2, 'Trying to access array offset on value of type null', 'C:\\laragon\\www\\Ecommerce\\app\\Views\\product-detail.php', 26)
 2 SYSTEMPATH\View\View.php(226): include('C:\\laragon\\www\\Ecommerce\\app\\Views\\product-detail.php')
 3 SYSTEMPATH\View\View.php(229): CodeIgniter\View\View->CodeIgniter\View\{closure}()
 4 SYSTEMPATH\Common.php(1188): CodeIgniter\View\View->render('product-detail', [], true)
 5 APPPATH\Controllers\MainController.php(193): view('product-detail', [...])
 6 SYSTEMPATH\CodeIgniter.php(919): App\Controllers\MainController->view_product('product.html')
 7 SYSTEMPATH\CodeIgniter.php(494): CodeIgniter\CodeIgniter->runController(Object(App\Controllers\MainController))
 8 SYSTEMPATH\CodeIgniter.php(353): CodeIgniter\CodeIgniter->handleRequest(null, Object(Config\Cache), false)
 9 FCPATH\index.php(79): CodeIgniter\CodeIgniter->run()
10 SYSTEMPATH\Commands\Server\rewrite.php(47): require_once('C:\\laragon\\www\\Ecommerce\\public\\index.php')
CRITICAL - 2023-10-27 06:05:04 --> Trying to access array offset on value of type null
in APPPATH\Views\product-detail.php on line 26.
 1 APPPATH\Views\product-detail.php(26): CodeIgniter\Debug\Exceptions->errorHandler(2, 'Trying to access array offset on value of type null', 'C:\\laragon\\www\\Ecommerce\\app\\Views\\product-detail.php', 26)
 2 SYSTEMPATH\View\View.php(226): include('C:\\laragon\\www\\Ecommerce\\app\\Views\\product-detail.php')
 3 SYSTEMPATH\View\View.php(229): CodeIgniter\View\View->CodeIgniter\View\{closure}()
 4 SYSTEMPATH\Common.php(1188): CodeIgniter\View\View->render('product-detail', [], true)
 5 APPPATH\Controllers\MainController.php(193): view('product-detail', [...])
 6 SYSTEMPATH\CodeIgniter.php(919): App\Controllers\MainController->view_product('product.html')
 7 SYSTEMPATH\CodeIgniter.php(494): CodeIgniter\CodeIgniter->runController(Object(App\Controllers\MainController))
 8 SYSTEMPATH\CodeIgniter.php(353): CodeIgniter\CodeIgniter->handleRequest(null, Object(Config\Cache), false)
 9 FCPATH\index.php(79): CodeIgniter\CodeIgniter->run()
10 SYSTEMPATH\Commands\Server\rewrite.php(47): require_once('C:\\laragon\\www\\Ecommerce\\public\\index.php')
CRITICAL - 2023-10-27 06:05:05 --> Trying to access array offset on value of type null
in APPPATH\Views\product-detail.php on line 26.
 1 APPPATH\Views\product-detail.php(26): CodeIgniter\Debug\Exceptions->errorHandler(2, 'Trying to access array offset on value of type null', 'C:\\laragon\\www\\Ecommerce\\app\\Views\\product-detail.php', 26)
 2 SYSTEMPATH\View\View.php(226): include('C:\\laragon\\www\\Ecommerce\\app\\Views\\product-detail.php')
 3 SYSTEMPATH\View\View.php(229): CodeIgniter\View\View->CodeIgniter\View\{closure}()
 4 SYSTEMPATH\Common.php(1188): CodeIgniter\View\View->render('product-detail', [], true)
 5 APPPATH\Controllers\MainController.php(193): view('product-detail', [...])
 6 SYSTEMPATH\CodeIgniter.php(919): App\Controllers\MainController->view_product('product.html')
 7 SYSTEMPATH\CodeIgniter.php(494): CodeIgniter\CodeIgniter->runController(Object(App\Controllers\MainController))
 8 SYSTEMPATH\CodeIgniter.php(353): CodeIgniter\CodeIgniter->handleRequest(null, Object(Config\Cache), false)
 9 FCPATH\index.php(79): CodeIgniter\CodeIgniter->run()
10 SYSTEMPATH\Commands\Server\rewrite.php(47): require_once('C:\\laragon\\www\\Ecommerce\\public\\index.php')
CRITICAL - 2023-10-27 06:05:05 --> Trying to access array offset on value of type null
in APPPATH\Views\product-detail.php on line 26.
 1 APPPATH\Views\product-detail.php(26): CodeIgniter\Debug\Exceptions->errorHandler(2, 'Trying to access array offset on value of type null', 'C:\\laragon\\www\\Ecommerce\\app\\Views\\product-detail.php', 26)
 2 SYSTEMPATH\View\View.php(226): include('C:\\laragon\\www\\Ecommerce\\app\\Views\\product-detail.php')
 3 SYSTEMPATH\View\View.php(229): CodeIgniter\View\View->CodeIgniter\View\{closure}()
 4 SYSTEMPATH\Common.php(1188): CodeIgniter\View\View->render('product-detail', [], true)
 5 APPPATH\Controllers\MainController.php(193): view('product-detail', [...])
 6 SYSTEMPATH\CodeIgniter.php(919): App\Controllers\MainController->view_product('product.html')
 7 SYSTEMPATH\CodeIgniter.php(494): CodeIgniter\CodeIgniter->runController(Object(App\Controllers\MainController))
 8 SYSTEMPATH\CodeIgniter.php(353): CodeIgniter\CodeIgniter->handleRequest(null, Object(Config\Cache), false)
 9 FCPATH\index.php(79): CodeIgniter\CodeIgniter->run()
10 SYSTEMPATH\Commands\Server\rewrite.php(47): require_once('C:\\laragon\\www\\Ecommerce\\public\\index.php')
CRITICAL - 2023-10-27 06:05:06 --> Trying to access array offset on value of type null
in APPPATH\Views\product-detail.php on line 26.
 1 APPPATH\Views\product-detail.php(26): CodeIgniter\Debug\Exceptions->errorHandler(2, 'Trying to access array offset on value of type null', 'C:\\laragon\\www\\Ecommerce\\app\\Views\\product-detail.php', 26)
 2 SYSTEMPATH\View\View.php(226): include('C:\\laragon\\www\\Ecommerce\\app\\Views\\product-detail.php')
 3 SYSTEMPATH\View\View.php(229): CodeIgniter\View\View->CodeIgniter\View\{closure}()
 4 SYSTEMPATH\Common.php(1188): CodeIgniter\View\View->render('product-detail', [], true)
 5 APPPATH\Controllers\MainController.php(193): view('product-detail', [...])
 6 SYSTEMPATH\CodeIgniter.php(919): App\Controllers\MainController->view_product('product.html')
 7 SYSTEMPATH\CodeIgniter.php(494): CodeIgniter\CodeIgniter->runController(Object(App\Controllers\MainController))
 8 SYSTEMPATH\CodeIgniter.php(353): CodeIgniter\CodeIgniter->handleRequest(null, Object(Config\Cache), false)
 9 FCPATH\index.php(79): CodeIgniter\CodeIgniter->run()
10 SYSTEMPATH\Commands\Server\rewrite.php(47): require_once('C:\\laragon\\www\\Ecommerce\\public\\index.php')
CRITICAL - 2023-10-27 06:05:06 --> Trying to access array offset on value of type null
in APPPATH\Views\product-detail.php on line 26.
 1 APPPATH\Views\product-detail.php(26): CodeIgniter\Debug\Exceptions->errorHandler(2, 'Trying to access array offset on value of type null', 'C:\\laragon\\www\\Ecommerce\\app\\Views\\product-detail.php', 26)
 2 SYSTEMPATH\View\View.php(226): include('C:\\laragon\\www\\Ecommerce\\app\\Views\\product-detail.php')
 3 SYSTEMPATH\View\View.php(229): CodeIgniter\View\View->CodeIgniter\View\{closure}()
 4 SYSTEMPATH\Common.php(1188): CodeIgniter\View\View->render('product-detail', [], true)
 5 APPPATH\Controllers\MainController.php(193): view('product-detail', [...])
 6 SYSTEMPATH\CodeIgniter.php(919): App\Controllers\MainController->view_product('product.html')
 7 SYSTEMPATH\CodeIgniter.php(494): CodeIgniter\CodeIgniter->runController(Object(App\Controllers\MainController))
 8 SYSTEMPATH\CodeIgniter.php(353): CodeIgniter\CodeIgniter->handleRequest(null, Object(Config\Cache), false)
 9 FCPATH\index.php(79): CodeIgniter\CodeIgniter->run()
10 SYSTEMPATH\Commands\Server\rewrite.php(47): require_once('C:\\laragon\\www\\Ecommerce\\public\\index.php')
CRITICAL - 2023-10-27 06:05:06 --> Trying to access array offset on value of type null
in APPPATH\Views\product-detail.php on line 26.
 1 APPPATH\Views\product-detail.php(26): CodeIgniter\Debug\Exceptions->errorHandler(2, 'Trying to access array offset on value of type null', 'C:\\laragon\\www\\Ecommerce\\app\\Views\\product-detail.php', 26)
 2 SYSTEMPATH\View\View.php(226): include('C:\\laragon\\www\\Ecommerce\\app\\Views\\product-detail.php')
 3 SYSTEMPATH\View\View.php(229): CodeIgniter\View\View->CodeIgniter\View\{closure}()
 4 SYSTEMPATH\Common.php(1188): CodeIgniter\View\View->render('product-detail', [], true)
 5 APPPATH\Controllers\MainController.php(193): view('product-detail', [...])
 6 SYSTEMPATH\CodeIgniter.php(919): App\Controllers\MainController->view_product('product.html')
 7 SYSTEMPATH\CodeIgniter.php(494): CodeIgniter\CodeIgniter->runController(Object(App\Controllers\MainController))
 8 SYSTEMPATH\CodeIgniter.php(353): CodeIgniter\CodeIgniter->handleRequest(null, Object(Config\Cache), false)
 9 FCPATH\index.php(79): CodeIgniter\CodeIgniter->run()
10 SYSTEMPATH\Commands\Server\rewrite.php(47): require_once('C:\\laragon\\www\\Ecommerce\\public\\index.php')
CRITICAL - 2023-10-27 06:05:07 --> Trying to access array offset on value of type null
in APPPATH\Views\product-detail.php on line 26.
 1 APPPATH\Views\product-detail.php(26): CodeIgniter\Debug\Exceptions->errorHandler(2, 'Trying to access array offset on value of type null', 'C:\\laragon\\www\\Ecommerce\\app\\Views\\product-detail.php', 26)
 2 SYSTEMPATH\View\View.php(226): include('C:\\laragon\\www\\Ecommerce\\app\\Views\\product-detail.php')
 3 SYSTEMPATH\View\View.php(229): CodeIgniter\View\View->CodeIgniter\View\{closure}()
 4 SYSTEMPATH\Common.php(1188): CodeIgniter\View\View->render('product-detail', [], true)
 5 APPPATH\Controllers\MainController.php(193): view('product-detail', [...])
 6 SYSTEMPATH\CodeIgniter.php(919): App\Controllers\MainController->view_product('product.html')
 7 SYSTEMPATH\CodeIgniter.php(494): CodeIgniter\CodeIgniter->runController(Object(App\Controllers\MainController))
 8 SYSTEMPATH\CodeIgniter.php(353): CodeIgniter\CodeIgniter->handleRequest(null, Object(Config\Cache), false)
 9 FCPATH\index.php(79): CodeIgniter\CodeIgniter->run()
10 SYSTEMPATH\Commands\Server\rewrite.php(47): require_once('C:\\laragon\\www\\Ecommerce\\public\\index.php')
CRITICAL - 2023-10-27 06:05:07 --> Trying to access array offset on value of type null
in APPPATH\Views\product-detail.php on line 26.
 1 APPPATH\Views\product-detail.php(26): CodeIgniter\Debug\Exceptions->errorHandler(2, 'Trying to access array offset on value of type null', 'C:\\laragon\\www\\Ecommerce\\app\\Views\\product-detail.php', 26)
 2 SYSTEMPATH\View\View.php(226): include('C:\\laragon\\www\\Ecommerce\\app\\Views\\product-detail.php')
 3 SYSTEMPATH\View\View.php(229): CodeIgniter\View\View->CodeIgniter\View\{closure}()
 4 SYSTEMPATH\Common.php(1188): CodeIgniter\View\View->render('product-detail', [], true)
 5 APPPATH\Controllers\MainController.php(193): view('product-detail', [...])
 6 SYSTEMPATH\CodeIgniter.php(919): App\Controllers\MainController->view_product('product.html')
 7 SYSTEMPATH\CodeIgniter.php(494): CodeIgniter\CodeIgniter->runController(Object(App\Controllers\MainController))
 8 SYSTEMPATH\CodeIgniter.php(353): CodeIgniter\CodeIgniter->handleRequest(null, Object(Config\Cache), false)
 9 FCPATH\index.php(79): CodeIgniter\CodeIgniter->run()
10 SYSTEMPATH\Commands\Server\rewrite.php(47): require_once('C:\\laragon\\www\\Ecommerce\\public\\index.php')
