CRITICAL - 2023-10-30 15:18:04 --> Undefined variable $ses_data
in APPPATH\Views\inc\header.php on line 4.
 1 APPPATH\Views\inc\header.php(4): CodeIgniter\Debug\Exceptions->errorHandler(2, 'Undefined variable $ses_data', 'C:\\laragon\\www\\Ecommerce\\app\\Views\\inc\\header.php', 4)
 2 SYSTEMPATH\View\View.php(226): include('C:\\laragon\\www\\Ecommerce\\app\\Views\\inc\\header.php')
 3 SYSTEMPATH\View\View.php(229): CodeIgniter\View\View->CodeIgniter\View\{closure}()
 4 SYSTEMPATH\View\View.php(467): CodeIgniter\View\View->render('inc/header', null, true)
 5 APPPATH\Views\index.php(5): CodeIgniter\View\View->include('inc/header')
 6 SYSTEMPATH\View\View.php(226): include('C:\\laragon\\www\\Ecommerce\\app\\Views\\index.php')
 7 SYSTEMPATH\View\View.php(229): CodeIgniter\View\View->CodeIgniter\View\{closure}()
 8 SYSTEMPATH\Common.php(1188): CodeIgniter\View\View->render('index', [], true)
 9 APPPATH\Controllers\MainController.php(22): view('index', [...])
10 SYSTEMPATH\CodeIgniter.php(919): App\Controllers\MainController->index()
11 SYSTEMPATH\CodeIgniter.php(494): CodeIgniter\CodeIgniter->runController(Object(App\Controllers\MainController))
12 SYSTEMPATH\CodeIgniter.php(353): CodeIgniter\CodeIgniter->handleRequest(null, Object(Config\Cache), false)
13 FCPATH\index.php(79): CodeIgniter\CodeIgniter->run()
14 SYSTEMPATH\Commands\Server\rewrite.php(47): require_once('C:\\laragon\\www\\Ecommerce\\public\\index.php')
CRITICAL - 2023-10-30 15:19:54 --> Undefined variable $session
in APPPATH\Views\inc\header.php on line 4.
 1 APPPATH\Views\inc\header.php(4): CodeIgniter\Debug\Exceptions->errorHandler(2, 'Undefined variable $session', 'C:\\laragon\\www\\Ecommerce\\app\\Views\\inc\\header.php', 4)
 2 SYSTEMPATH\View\View.php(226): include('C:\\laragon\\www\\Ecommerce\\app\\Views\\inc\\header.php')
 3 SYSTEMPATH\View\View.php(229): CodeIgniter\View\View->CodeIgniter\View\{closure}()
 4 SYSTEMPATH\View\View.php(467): CodeIgniter\View\View->render('inc/header', null, true)
 5 APPPATH\Views\index.php(5): CodeIgniter\View\View->include('inc/header')
 6 SYSTEMPATH\View\View.php(226): include('C:\\laragon\\www\\Ecommerce\\app\\Views\\index.php')
 7 SYSTEMPATH\View\View.php(229): CodeIgniter\View\View->CodeIgniter\View\{closure}()
 8 SYSTEMPATH\Common.php(1188): CodeIgniter\View\View->render('index', [], true)
 9 APPPATH\Controllers\MainController.php(22): view('index', [...])
10 SYSTEMPATH\CodeIgniter.php(919): App\Controllers\MainController->index()
11 SYSTEMPATH\CodeIgniter.php(494): CodeIgniter\CodeIgniter->runController(Object(App\Controllers\MainController))
12 SYSTEMPATH\CodeIgniter.php(353): CodeIgniter\CodeIgniter->handleRequest(null, Object(Config\Cache), false)
13 FCPATH\index.php(79): CodeIgniter\CodeIgniter->run()
14 SYSTEMPATH\Commands\Server\rewrite.php(47): require_once('C:\\laragon\\www\\Ecommerce\\public\\index.php')
